<?xml version="1.0" encoding="UTF-8"?>
<!-- Generated by org.testng.reporters.JUnitXMLReporter -->
<testsuite hostname="DESKTOP-AEN3F64" ignored="0" name="Command line test" tests="2" failures="0" timestamp="05 Nov 2017 05:44:06 GMT" time="0.157" errors="0">
  <testcase name="@BeforeMethod openApp" time="0.0" classname="com.Test.Test1">
    <failure type="org.testng.TestNGException" message="
Parameter &amp;apos;zBrowser&amp;apos; is required by BeforeMethod on method openApp but has not been marked @Optional or defined
">
      <![CDATA[org.testng.TestNGException: 
Parameter 'zBrowser' is required by BeforeMethod on method openApp but has not been marked @Optional or defined

... Removed 34 stack frames]]>
    </failure>
  </testcase> <!-- @BeforeMethod openApp -->
  <testcase name="@BeforeMethod openApp" time="0.0" classname="com.Test.Test1">
    <skipped/>
  </testcase> <!-- @BeforeMethod openApp -->
  <testcase name="run" time="0.001" classname="com.Test.Test2">
    <skipped/>
  </testcase> <!-- run -->
  <testcase name="run" time="0.0" classname="com.Test.Test3">
    <skipped/>
  </testcase> <!-- run -->
</testsuite> <!-- Command line test -->
